TN:
SF:src/app.ts
FN:26,(anonymous_1)
FN:37,init
FN:42,close
FNF:3
FNH:2
FNDA:1,(anonymous_1)
FNDA:11,init
FNDA:0,close
DA:1,11
DA:2,11
DA:3,11
DA:4,11
DA:6,11
DA:7,11
DA:9,11
DA:11,11
DA:12,11
DA:22,11
DA:23,11
DA:26,1
DA:37,11
DA:38,11
DA:39,11
DA:42,11
DA:43,0
DA:46,11
LF:18
LH:17
BRF:0
BRH:0
end_of_record
TN:
SF:src/server.ts
FN:5,(anonymous_6)
FN:6,(anonymous_7)
FNF:2
FNH:0
FNDA:0,(anonymous_6)
FNDA:0,(anonymous_7)
DA:1,0
DA:3,0
DA:5,0
DA:6,0
DA:8,0
LF:5
LH:0
BRDA:3,0,0,0
BRDA:3,0,1,0
BRF:2
BRH:0
end_of_record
TN:
SF:src/config/database.ts
FN:4,connectDb
FN:8,disconnectDB
FNF:2
FNH:1
FNDA:11,connectDb
FNDA:0,disconnectDB
DA:1,14
DA:4,14
DA:5,11
DA:8,14
DA:9,0
LF:5
LH:4
BRF:0
BRH:0
end_of_record
TN:
SF:src/config/envs.ts
FN:4,loadEnv
FNF:1
FNH:1
FNDA:25,loadEnv
DA:1,14
DA:2,14
DA:4,14
DA:6,25
DA:12,25
DA:13,25
LF:6
LH:6
BRDA:6,0,0,25
BRDA:6,0,1,0
BRDA:8,1,0,0
BRDA:8,1,1,0
BRF:4
BRH:1
end_of_record
TN:
SF:src/config/index.ts
FNF:0
FNH:0
DA:1,14
DA:2,14
LF:2
LH:2
BRF:0
BRH:0
end_of_record
TN:
SF:src/controllers/authentication-controller.ts
FN:5,singInPost
FNF:1
FNH:1
FNDA:5,singInPost
DA:2,11
DA:3,11
DA:5,11
DA:6,5
DA:8,5
DA:9,5
DA:11,3
DA:13,2
LF:8
LH:8
BRF:0
BRH:0
end_of_record
TN:
SF:src/controllers/booking-controller.ts
FN:6,getBooking
FN:19,postBooking
FNF:2
FNH:2
FNDA:2,getBooking
FNDA:6,postBooking
DA:2,11
DA:3,11
DA:4,11
DA:7,2
DA:8,2
DA:9,2
DA:10,2
DA:11,1
DA:13,1
DA:15,1
DA:20,6
DA:21,6
DA:22,6
DA:23,6
DA:24,0
DA:25,0
DA:27,6
DA:29,0
DA:30,0
DA:32,6
DA:36,11
LF:21
LH:17
BRDA:10,0,0,1
BRDA:23,1,0,0
BRF:2
BRH:1
end_of_record
TN:
SF:src/controllers/enrollments-controller.ts
FN:6,getEnrollmentByUser
FN:18,postCreateOrUpdateEnrollment
FN:31,getAddressFromCEP
FNF:3
FNH:3
FNDA:2,getEnrollmentByUser
FNDA:2,postCreateOrUpdateEnrollment
FNDA:2,getAddressFromCEP
DA:2,11
DA:4,11
DA:6,11
DA:7,2
DA:9,2
DA:10,2
DA:12,1
DA:14,1
DA:18,11
DA:19,2
DA:20,2
DA:25,2
DA:27,0
DA:31,11
DA:32,2
DA:34,2
DA:35,2
DA:36,1
DA:38,1
DA:40,1
DA:41,1
LF:21
LH:20
BRDA:40,0,0,1
BRF:1
BRH:1
end_of_record
TN:
SF:src/controllers/events-controller.ts
FN:5,getDefaultEvent
FNF:1
FNH:1
FNDA:2,getDefaultEvent
DA:2,11
DA:3,11
DA:5,11
DA:6,2
DA:7,2
DA:8,1
DA:10,1
LF:7
LH:7
BRF:0
BRH:0
end_of_record
TN:
SF:src/controllers/hotel-controller.ts
FN:5,getAllHotels
FN:16,getHotelById
FNF:2
FNH:2
FNDA:6,getAllHotels
FNDA:6,getHotelById
DA:2,11
DA:3,11
DA:6,6
DA:7,6
DA:8,6
DA:10,1
DA:12,5
DA:17,6
DA:18,6
DA:19,6
DA:20,6
DA:22,1
DA:24,5
DA:28,11
LF:14
LH:14
BRF:0
BRH:0
end_of_record
TN:
SF:src/controllers/index.ts
FNF:0
FNH:0
DA:1,11
DA:2,11
DA:3,11
DA:4,11
LF:4
LH:4
BRF:0
BRH:0
end_of_record
TN:
SF:src/controllers/payments-controller.ts
FN:5,getPayment
FN:18,postPayment
FNF:2
FNH:2
FNDA:4,getPayment
FNDA:7,postPayment
DA:2,11
DA:3,11
DA:6,4
DA:7,4
DA:8,4
DA:9,4
DA:10,3
DA:12,1
DA:14,2
DA:19,7
DA:20,7
DA:21,7
DA:22,7
DA:23,7
DA:25,7
DA:27,5
DA:29,3
DA:31,2
DA:35,11
LF:19
LH:19
BRDA:9,0,0,1
BRDA:25,1,0,2
BRDA:25,2,0,7
BRDA:25,2,1,6
BRF:4
BRH:4
end_of_record
TN:
SF:src/controllers/tickets-controller.ts
FN:6,getTicketTypes
FN:15,getTickets
FN:26,postTickets
FNF:3
FNH:3
FNDA:2,getTicketTypes
FNDA:3,getTickets
FNDA:3,postTickets
DA:2,11
DA:3,11
DA:4,11
DA:7,2
DA:8,2
DA:9,2
DA:11,0
DA:16,3
DA:17,3
DA:18,3
DA:20,1
DA:22,2
DA:27,3
DA:28,3
DA:29,3
DA:30,3
DA:31,2
DA:33,1
DA:37,11
LF:19
LH:18
BRF:0
BRH:0
end_of_record
TN:
SF:src/controllers/users-controller.ts
FN:5,usersPost
FNF:1
FNH:1
FNDA:6,usersPost
DA:2,11
DA:3,11
DA:5,11
DA:6,6
DA:8,6
DA:9,6
DA:10,3
DA:15,3
DA:16,1
DA:18,2
LF:10
LH:10
BRDA:15,0,0,1
BRF:1
BRH:1
end_of_record
TN:
SF:src/errors/cannot-enroll-before-start-date-error.ts
FN:3,cannotEnrollBeforeStartDateError
FNF:1
FNH:1
FNDA:2,cannotEnrollBeforeStartDateError
DA:3,11
DA:4,2
LF:2
LH:2
BRF:0
BRH:0
end_of_record
TN:
SF:src/errors/conflict-error.ts
FN:3,conflictError
FNF:1
FNH:0
FNDA:0,conflictError
DA:3,11
DA:4,0
LF:2
LH:1
BRF:0
BRH:0
end_of_record
TN:
SF:src/errors/index.ts
FNF:0
FNH:0
DA:1,11
DA:2,11
DA:3,11
DA:4,11
DA:5,11
DA:6,11
DA:7,11
DA:8,11
LF:8
LH:8
BRF:0
BRH:0
end_of_record
TN:
SF:src/errors/invalid-data-error.ts
FN:3,invalidDataError
FNF:1
FNH:1
FNDA:8,invalidDataError
DA:3,11
DA:4,8
LF:2
LH:2
BRF:0
BRH:0
end_of_record
TN:
SF:src/errors/invalid-email-error.ts
FN:3,invalidEmailError
FNF:1
FNH:0
FNDA:0,invalidEmailError
DA:3,11
DA:4,0
LF:2
LH:1
BRF:0
BRH:0
end_of_record
TN:
SF:src/errors/not-found-error.ts
FN:3,notFoundError
FNF:1
FNH:1
FNDA:20,notFoundError
DA:3,11
DA:4,20
LF:2
LH:2
BRF:0
BRH:0
end_of_record
TN:
SF:src/errors/payment-required-error.ts
FN:3,paymentRequiredError
FNF:1
FNH:1
FNDA:6,paymentRequiredError
DA:3,11
DA:4,6
LF:2
LH:2
BRF:0
BRH:0
end_of_record
TN:
SF:src/errors/request-error.ts
FN:3,requestError
FNF:1
FNH:1
FNDA:1,requestError
DA:3,11
DA:4,1
LF:2
LH:2
BRF:0
BRH:0
end_of_record
TN:
SF:src/errors/unauthorized-error.ts
FN:3,unauthorizedError
FNF:1
FNH:1
FNDA:38,unauthorizedError
DA:3,11
DA:4,38
LF:2
LH:2
BRF:0
BRH:0
end_of_record
TN:
SF:src/middlewares/authentication-middleware.ts
FN:8,authenticateToken
FN:33,generateUnauthorizedResponse
FNF:2
FNH:2
FNDA:90,authenticateToken
FNDA:36,generateUnauthorizedResponse
DA:2,11
DA:3,11
DA:5,11
DA:6,11
DA:8,11
DA:9,90
DA:10,90
DA:12,78
DA:13,78
DA:15,78
DA:16,78
DA:17,66
DA:18,66
DA:23,66
DA:25,54
DA:27,54
DA:29,12
DA:34,36
LF:18
LH:18
BRDA:10,0,0,12
BRDA:13,1,0,0
BRDA:23,2,0,12
BRF:3
BRH:2
end_of_record
TN:
SF:src/middlewares/error-handling-middleware.ts
FN:5,handleApplicationErrors
FNF:1
FNH:1
FNDA:24,handleApplicationErrors
DA:2,11
DA:5,11
DA:12,24
DA:13,0
DA:18,24
DA:19,0
DA:24,24
DA:25,0
DA:30,24
DA:31,2
DA:36,22
DA:37,16
DA:42,6
DA:43,6
DA:49,0
DA:50,0
LF:16
LH:11
BRDA:12,0,0,0
BRDA:18,1,0,0
BRDA:18,2,0,24
BRDA:18,2,1,24
BRDA:24,3,0,0
BRDA:30,4,0,2
BRDA:36,5,0,16
BRDA:42,6,0,6
BRF:8
BRH:5
end_of_record
TN:
SF:src/middlewares/index.ts
FNF:0
FNH:0
DA:1,11
DA:2,11
DA:3,11
LF:3
LH:3
BRF:0
BRH:0
end_of_record
TN:
SF:src/middlewares/validation-middleware.ts
FN:6,validateBody
FN:10,validateParams
FN:14,validate
FN:15,(anonymous_4)
FN:23,(anonymous_5)
FNF:5
FNH:4
FNDA:44,validateBody
FNDA:0,validateParams
FNDA:44,validate
FNDA:24,(anonymous_4)
FNDA:24,(anonymous_5)
DA:2,11
DA:4,11
DA:6,11
DA:7,44
DA:10,11
DA:11,0
DA:15,44
DA:16,24
DA:20,24
DA:21,16
DA:23,24
LF:11
LH:10
BRDA:20,0,0,16
BRDA:20,0,1,8
BRF:2
BRH:2
end_of_record
TN:
SF:src/repositories/address-repository/index.ts
FN:4,upsert
FNF:1
FNH:1
FNDA:2,upsert
DA:2,11
DA:5,2
DA:20,11
DA:24,11
LF:4
LH:4
BRF:0
BRH:0
end_of_record
TN:
SF:src/repositories/booking-repository/index.ts
FN:3,findBooking
FN:15,addBooking
FNF:2
FNH:1
FNDA:2,findBooking
FNDA:0,addBooking
DA:1,11
DA:4,2
DA:16,0
DA:24,11
LF:4
LH:3
BRF:0
BRH:0
end_of_record
TN:
SF:src/repositories/enrollment-repository/index.ts
FN:4,findWithAddressByUserId
FN:13,upsert
FN:27,findById
FNF:3
FNH:2
FNDA:2,findWithAddressByUserId
FNDA:2,upsert
FNDA:0,findById
DA:2,11
DA:5,2
DA:18,2
DA:28,0
DA:36,11
DA:42,11
LF:6
LH:5
BRF:0
BRH:0
end_of_record
TN:
SF:src/repositories/event-repository/index.ts
FN:3,findFirst
FNF:1
FNH:1
FNDA:11,findFirst
DA:1,11
DA:4,11
DA:7,11
DA:11,11
LF:4
LH:4
BRF:0
BRH:0
end_of_record
TN:
SF:src/repositories/hotel-repository/index.ts
FN:3,getHotels
FN:7,getHotelRooms
FNF:2
FNH:2
FNDA:3,getHotels
FNDA:3,getHotelRooms
DA:1,11
DA:3,11
DA:4,3
DA:7,11
DA:8,3
LF:5
LH:5
BRF:0
BRH:0
end_of_record
TN:
SF:src/repositories/payment-repository/index.ts
FN:3,findTicket
FN:11,payForTicket
FN:22,updateTciketStatus
FN:31,findTicketinfo
FNF:4
FNH:4
FNDA:8,findTicket
FNDA:3,payForTicket
FNDA:3,updateTciketStatus
FNDA:1,findTicketinfo
DA:1,11
DA:4,8
DA:12,3
DA:23,3
DA:32,1
DA:39,11
LF:6
LH:6
BRF:0
BRH:0
end_of_record
TN:
SF:src/repositories/session-repository/index.ts
FN:4,create
FNF:1
FNH:1
FNDA:5,create
DA:2,11
DA:5,5
DA:10,11
DA:14,11
LF:4
LH:4
BRF:0
BRH:0
end_of_record
TN:
SF:src/repositories/ticket-repository/index.ts
FN:3,allTypes
FN:9,userTicket
FN:26,userEnrollment
FN:38,createTicket
FN:49,findType
FNF:5
FNH:5
FNDA:2,allTypes
FNDA:19,userTicket
FNDA:24,userEnrollment
FNDA:2,createTicket
FNDA:12,findType
DA:1,11
DA:4,2
DA:6,2
DA:10,19
DA:23,19
DA:27,24
DA:35,24
DA:39,2
DA:46,2
DA:50,12
DA:54,12
DA:57,11
LF:12
LH:12
BRF:0
BRH:0
end_of_record
TN:
SF:src/repositories/user-repository/index.ts
FN:4,findByEmail
FN:18,create
FNF:2
FNH:2
FNDA:16,findByEmail
FNDA:5,create
DA:2,11
DA:5,16
DA:11,16
DA:12,9
DA:15,16
DA:19,5
DA:24,11
DA:29,11
LF:8
LH:8
BRDA:11,0,0,9
BRF:1
BRH:1
end_of_record
TN:
SF:src/routers/authentication-router.ts
FNF:0
FNH:0
DA:1,11
DA:2,11
DA:3,11
DA:4,11
DA:6,11
DA:8,11
DA:10,11
LF:7
LH:7
BRF:0
BRH:0
end_of_record
TN:
SF:src/routers/booking-router.ts
FNF:0
FNH:0
DA:1,11
DA:2,11
DA:3,11
DA:5,11
DA:7,11
DA:8,11
DA:9,11
DA:11,11
LF:8
LH:8
BRF:0
BRH:0
end_of_record
TN:
SF:src/routers/enrollments-router.ts
FNF:0
FNH:0
DA:1,11
DA:2,11
DA:3,11
DA:4,11
DA:6,11
DA:8,11
DA:14,11
LF:7
LH:7
BRF:0
BRH:0
end_of_record
TN:
SF:src/routers/events-router.ts
FNF:0
FNH:0
DA:1,11
DA:2,11
DA:4,11
DA:6,11
DA:8,11
LF:5
LH:5
BRF:0
BRH:0
end_of_record
TN:
SF:src/routers/hotel-router.ts
FNF:0
FNH:0
DA:1,11
DA:3,11
DA:4,11
DA:6,11
DA:8,11
DA:9,11
DA:10,11
DA:12,11
LF:8
LH:8
BRF:0
BRH:0
end_of_record
TN:
SF:src/routers/index.ts
FNF:0
FNH:0
DA:1,11
DA:2,11
DA:3,11
DA:4,11
DA:5,11
DA:6,11
DA:7,11
LF:7
LH:7
BRF:0
BRH:0
end_of_record
TN:
SF:src/routers/payments-router.ts
FNF:0
FNH:0
DA:1,11
DA:2,11
DA:3,11
DA:5,11
DA:7,11
DA:9,11
DA:10,11
DA:12,11
LF:8
LH:8
BRF:0
BRH:0
end_of_record
TN:
SF:src/routers/tickets-router.ts
FNF:0
FNH:0
DA:1,11
DA:2,11
DA:3,11
DA:4,11
DA:6,11
DA:7,11
DA:8,11
DA:9,11
DA:10,11
DA:12,11
LF:10
LH:10
BRF:0
BRH:0
end_of_record
TN:
SF:src/routers/users-router.ts
FNF:0
FNH:0
DA:1,11
DA:3,11
DA:4,11
DA:5,11
DA:7,11
DA:9,11
DA:11,11
LF:7
LH:7
BRF:0
BRH:0
end_of_record
TN:
SF:src/schemas/authentication-schemas.ts
FNF:0
FNH:0
DA:1,14
DA:4,14
LF:2
LH:2
BRF:0
BRH:0
end_of_record
TN:
SF:src/schemas/enrollments-schemas.ts
FN:23,(anonymous_1)
FN:30,joiCpfValidation
FN:40,JoiCepValidation
FN:50,joiMobilePhoneValidation
FNF:4
FNH:4
FNDA:378,(anonymous_1)
FNDA:29,joiCpfValidation
FNDA:19,JoiCepValidation
FNDA:23,joiMobilePhoneValidation
DA:1,14
DA:2,14
DA:5,14
DA:7,14
DA:9,14
DA:11,14
DA:23,378
DA:31,29
DA:33,29
DA:34,1
DA:37,28
DA:41,19
DA:43,19
DA:44,1
DA:47,18
DA:51,23
DA:53,23
DA:54,0
DA:57,23
LF:19
LH:18
BRDA:31,0,0,0
BRDA:33,1,0,1
BRDA:41,2,0,0
BRDA:43,3,0,1
BRDA:51,4,0,0
BRDA:53,5,0,0
BRF:6
BRH:2
end_of_record
TN:
SF:src/schemas/index.ts
FNF:0
FNH:0
DA:1,14
DA:2,14
DA:3,14
DA:4,14
LF:4
LH:4
BRF:0
BRH:0
end_of_record
TN:
SF:src/schemas/ticket-schemas.ts
FNF:0
FNH:0
DA:1,14
DA:3,14
DA:7,14
LF:3
LH:3
BRF:0
BRH:0
end_of_record
TN:
SF:src/schemas/users-schemas.ts
FNF:0
FNH:0
DA:1,14
DA:4,14
LF:2
LH:2
BRF:0
BRH:0
end_of_record
TN:
SF:src/services/index.ts
FNF:0
FNH:0
DA:1,0
DA:2,0
DA:3,0
DA:4,0
LF:4
LH:0
BRF:0
BRH:0
end_of_record
TN:
SF:src/services/authentication-service/errors.ts
FN:3,invalidCredentialsError
FNF:1
FNH:1
FNDA:6,invalidCredentialsError
DA:3,11
DA:4,6
LF:2
LH:2
BRF:0
BRH:0
end_of_record
TN:
SF:src/services/authentication-service/index.ts
FN:9,signIn
FN:24,getUserOrFail
FN:31,createSession
FN:41,validatePasswordOrFail
FNF:4
FNH:4
FNDA:9,signIn
FNDA:9,getUserOrFail
FNDA:5,createSession
FNDA:7,validatePasswordOrFail
DA:2,11
DA:3,11
DA:4,11
DA:5,11
DA:6,11
DA:7,11
DA:10,9
DA:12,9
DA:14,7
DA:16,5
DA:18,5
DA:25,9
DA:26,9
DA:28,7
DA:32,5
DA:33,5
DA:38,5
DA:42,7
DA:43,7
DA:55,11
DA:59,11
DA:60,11
LF:22
LH:22
BRDA:26,0,0,2
BRDA:43,1,0,2
BRF:2
BRH:2
end_of_record
TN:
SF:src/services/booking-service/index.ts
FN:7,createBooking
FNF:1
FNH:1
FNDA:6,createBooking
DA:1,11
DA:2,11
DA:3,11
DA:4,11
DA:5,11
DA:8,6
DA:9,6
DA:10,6
DA:11,6
DA:13,0
DA:14,0
DA:15,0
DA:16,0
DA:18,0
DA:19,0
DA:22,0
DA:24,0
DA:25,0
DA:27,0
DA:28,0
DA:31,0
DA:32,0
DA:35,0
DA:36,0
DA:39,11
LF:25
LH:10
BRDA:10,0,0,6
BRDA:15,1,0,0
BRDA:18,2,0,0
BRDA:27,3,0,0
BRDA:27,4,0,0
BRDA:27,4,1,0
BRDA:31,5,0,0
BRF:7
BRH:1
end_of_record
TN:
SF:src/services/enrollments-service/index.ts
FN:8,getAddressFromCEP
FN:19,getOneWithAddressByUserId
FN:35,getFirstAddress
FN:43,createOrUpdateEnrollmentWithAddress
FN:60,getAddressForUpsert
FNF:5
FNH:5
FNDA:4,getAddressFromCEP
FNDA:2,getOneWithAddressByUserId
FNDA:1,getFirstAddress
FNDA:2,createOrUpdateEnrollmentWithAddress
FNDA:2,getAddressForUpsert
DA:2,11
DA:3,11
DA:4,11
DA:5,11
DA:6,11
DA:9,4
DA:10,4
DA:11,1
DA:13,3
DA:14,0
DA:16,3
DA:20,2
DA:22,2
DA:24,1
DA:25,1
DA:27,1
DA:36,1
DA:38,1
DA:44,2
DA:45,2
DA:46,2
DA:47,2
DA:48,2
DA:49,0
DA:52,0
DA:55,2
DA:57,2
DA:61,2
DA:71,11
DA:77,11
LF:30
LH:27
BRDA:10,0,0,1
BRDA:13,1,0,0
BRDA:22,2,0,1
BRDA:29,3,0,1
BRDA:29,3,1,1
BRDA:36,4,0,0
BRDA:48,5,0,0
BRDA:63,6,0,2
BRDA:63,6,1,2
BRF:9
BRH:6
end_of_record
TN:
SF:src/services/events-service/index.ts
FN:7,getFirstEvent
FN:16,isCurrentEventActive
FNF:2
FNH:2
FNDA:2,getFirstEvent
FNDA:9,isCurrentEventActive
DA:2,11
DA:3,11
DA:4,11
DA:5,11
DA:8,2
DA:9,2
DA:11,1
DA:17,9
DA:18,9
DA:20,8
DA:21,8
DA:22,8
DA:24,8
DA:27,11
DA:32,11
LF:15
LH:15
BRDA:9,0,0,1
BRDA:18,1,0,1
BRDA:24,2,0,8
BRDA:24,2,1,7
BRF:4
BRH:4
end_of_record
TN:
SF:src/services/hotel-service/index.ts
FN:6,getAllHotels
FN:36,getHotelById
FNF:2
FNH:2
FNDA:6,getAllHotels
FNDA:6,getHotelById
DA:1,11
DA:2,11
DA:3,11
DA:4,11
DA:7,6
DA:8,6
DA:9,1
DA:11,5
DA:12,5
DA:13,5
DA:14,1
DA:16,4
DA:17,1
DA:20,3
DA:22,3
DA:23,3
DA:25,3
DA:26,2
DA:29,1
DA:30,0
DA:33,1
DA:37,6
DA:38,6
DA:39,1
DA:41,5
DA:42,5
DA:43,5
DA:44,1
DA:46,4
DA:47,1
DA:50,3
DA:52,3
DA:53,3
DA:55,3
DA:56,2
DA:59,1
DA:60,0
DA:63,1
DA:66,11
DA:71,11
LF:40
LH:38
BRDA:8,0,0,1
BRDA:13,1,0,1
BRDA:16,2,0,1
BRDA:25,3,0,2
BRDA:25,4,0,3
BRDA:25,4,1,2
BRDA:29,5,0,0
BRDA:38,6,0,1
BRDA:43,7,0,1
BRDA:46,8,0,1
BRDA:55,9,0,2
BRDA:55,10,0,3
BRDA:55,10,1,2
BRDA:59,11,0,0
BRF:14
BRH:12
end_of_record
TN:
SF:src/services/payment-service/index.ts
FN:5,findTicketInfo
FN:25,postPayment
FNF:2
FNH:2
FNDA:3,findTicketInfo
FNDA:5,postPayment
DA:1,11
DA:2,11
DA:3,11
DA:6,3
DA:7,3
DA:8,0
DA:10,3
DA:11,3
DA:12,1
DA:15,2
DA:16,2
DA:17,1
DA:20,1
DA:22,1
DA:26,5
DA:28,5
DA:30,5
DA:32,5
DA:34,5
DA:36,4
DA:38,4
DA:40,3
DA:42,3
DA:44,3
DA:47,11
DA:51,11
LF:26
LH:25
BRDA:7,0,0,0
BRDA:11,1,0,1
BRDA:16,2,0,1
BRDA:34,3,0,1
BRDA:38,4,0,1
BRF:5
BRH:4
end_of_record
TN:
SF:src/services/ticket-services/index.ts
FN:4,findTicket
FN:21,orderTicket
FNF:2
FNH:2
FNDA:3,findTicket
FNDA:3,orderTicket
DA:1,11
DA:2,11
DA:5,3
DA:6,3
DA:7,2
DA:8,0
DA:10,2
DA:11,2
DA:12,2
DA:13,1
DA:15,1
DA:17,2
DA:22,3
DA:23,3
DA:24,3
DA:25,1
DA:28,2
DA:29,2
DA:30,2
DA:31,0
DA:33,2
DA:43,1
DA:47,11
LF:23
LH:21
BRDA:7,0,0,0
BRDA:12,1,0,1
BRDA:24,2,0,1
BRDA:30,3,0,0
BRF:4
BRH:2
end_of_record
TN:
SF:src/services/users-service/errors.ts
FN:3,duplicatedEmailError
FNF:1
FNH:1
FNDA:4,duplicatedEmailError
DA:3,11
DA:4,4
LF:2
LH:2
BRF:0
BRH:0
end_of_record
TN:
SF:src/services/users-service/index.ts
FN:8,createUser
FN:20,validateUniqueEmailOrFail
FN:27,canEnrollOrFail
FNF:3
FNH:3
FNDA:9,createUser
FNDA:7,validateUniqueEmailOrFail
FNDA:9,canEnrollOrFail
DA:2,11
DA:3,11
DA:4,11
DA:5,11
DA:6,11
DA:8,11
DA:9,9
DA:11,7
DA:13,5
DA:14,5
DA:21,7
DA:22,7
DA:23,2
DA:28,9
DA:29,9
DA:30,2
DA:36,11
DA:40,11
DA:41,11
LF:19
LH:19
BRDA:22,0,0,2
BRDA:29,1,0,2
BRF:2
BRH:2
end_of_record
TN:
SF:src/utils/prisma-utils.ts
FN:1,exclude
FNF:1
FNH:1
FNDA:12,exclude
DA:1,11
DA:2,12
DA:3,12
DA:4,18
DA:6,12
LF:5
LH:5
BRF:0
BRH:0
end_of_record
TN:
SF:src/utils/request.ts
FN:4,get
FNF:1
FNH:1
FNDA:4,get
DA:1,11
DA:2,11
DA:5,4
DA:6,4
DA:7,3
DA:9,1
DA:11,1
DA:15,11
LF:8
LH:8
BRF:0
BRH:0
end_of_record
